2026-03-09 13:50:41  INFO      narrativeforge.db  Login success: Glory
2026-03-09 13:53:01  INFO      narrativeforge.db  Login success: Glory
2026-03-09 13:57:35  INFO      narrativeforge.db  Login success: Glory
2026-03-09 14:12:45  INFO      narrativeforge.db  Login success: Glory
2026-03-09 14:12:54  INFO      narrativeforge.db  Story deleted: story_1773044598 by Glory
2026-03-09 14:12:57  INFO      narrativeforge.db  Story deleted: story_1773030955 by Glory
2026-03-09 18:58:22  INFO      narrativeforge.db  Login success: Glory
2026-03-09 19:41:08  INFO      narrativeforge.db  Login success: Glory
2026-03-09 19:41:25  INFO      narrativeforge.db  Login success: Glory
2026-03-09 19:41:25  INFO      narrativeforge.db  Story deleted: story_1773062925 by Glory
2026-03-09 19:41:25  INFO      narrativeforge.db  Story deleted: story_1773045829 by Glory
2026-03-09 20:10:45  INFO      narrativeforge.db  User registered: Ramya_Glory
2026-03-09 20:15:30  INFO      narrativeforge.db  Story deleted: story_ed997190985e2c8a by Ramya_Glory
2026-03-09 20:15:34  INFO      narrativeforge.db  Story deleted: story_517e25c75b6b9bb9 by Ramya_Glory
2026-03-10 16:28:49  INFO      narrativeforge.db  User registered: viva
2026-03-10 16:30:13  INFO      narrativeforge.db  User registered: ramya
2026-03-10 17:00:50  INFO      narrativeforge.db  User registered: ramya_rj
2026-03-10 18:16:54  INFO      narrativeforge.db  User registered: Glory
2026-03-10 18:20:04  INFO      narrativeforge.db  Login success: Glory
2026-03-10 18:24:45  INFO      narrativeforge.db  Login success: Glory
2026-03-10 18:28:24  INFO      narrativeforge.db  Login success: Glory
2026-03-10 18:31:18  INFO      narrativeforge.db  Login success: Glory
2026-03-10 18:35:57  INFO      narrativeforge.db  Login success: Glory
2026-03-10 18:40:48  INFO      narrativeforge.db  Login success: Glory
2026-03-10 18:43:50  INFO      narrativeforge.db  Login success: Glory
2026-03-10 18:50:04  INFO      narrativeforge.db  Login success: Glory
2026-03-10 18:58:09  INFO      narrativeforge.db  Login success: Glory
2026-03-10 18:58:15  INFO      narrativeforge.db  Story deleted: story_c37487a2dd9654b3 by Glory
2026-03-10 19:00:43  INFO      narrativeforge.db  Login success: Glory
2026-03-10 21:19:50  INFO      narrativeforge.db  Login success: Glory
2026-03-10 21:43:52  INFO      narrativeforge.db  Login success: Glory
2026-03-10 21:48:36  INFO      narrativeforge.db  Login success: Glory
2026-03-10 21:51:08  INFO      narrativeforge.db  Login success: Glory
2026-03-10 21:59:28  WARNING   narrativeforge.db  Login failure: Glory
2026-03-10 21:59:40  INFO      narrativeforge.db  Login success: Glory
2026-03-10 22:07:53  INFO      narrativeforge.db  Login success: Glory
2026-03-10 22:09:39  INFO      narrativeforge.db  Login success: Glory
2026-03-11 08:23:56  INFO      narrativeforge.db  User registered: testuser1
2026-03-11 08:26:12  INFO      narrativeforge.db  Login success: testuser1
2026-03-11 08:26:39  WARNING   narrativeforge.db  Login failure: testuser1
2026-03-11 08:26:49  WARNING   narrativeforge.db  Login failure: testuser1
2026-03-11 08:26:50  WARNING   narrativeforge.db  Login failure: testuser1
2026-03-11 08:26:52  WARNING   narrativeforge.db  Login failure: testuser1
2026-03-11 08:26:53  WARNING   narrativeforge.db  Login failure: testuser1
2026-03-11 08:28:03  INFO      narrativeforge.db  Login success: testuser1
2026-03-11 08:30:05  INFO      narrativeforge.db  Login success: testuser1
2026-03-11 19:30:55  INFO      narrativeforge.db  Login success: testuser1
2026-03-11 19:31:26  INFO      narrativeforge.db  Story deleted: story_5a1f1423fb584ee9 by testuser1
2026-03-11 19:31:30  INFO      narrativeforge.db  Story deleted: story_0c2a4006b6ea2b13 by testuser1
2026-03-11 19:34:48  INFO      narrativeforge.db  Login success: testuser1
2026-03-11 19:37:49  INFO      narrativeforge.db  Login success: testuser1
2026-03-11 19:43:58  WARNING   narrativeforge.db  Login failure: testuser1
2026-03-11 19:44:15  INFO      narrativeforge.db  Login success: testuser1
2026-03-11 19:46:23  INFO      narrativeforge.db  Login success: testuser1
2026-03-11 20:21:11  INFO      narrativeforge.db  Login success: testuser1
2026-03-11 20:31:46  INFO      narrativeforge.db  Login success: testuser1
2026-03-11 20:33:42  INFO      narrativeforge.db  Login success: testuser1
2026-03-11 20:40:33  INFO      narrativeforge.db  Login success: testuser1
2026-03-11 20:43:47  INFO      narrativeforge.db  Story deleted: story_1773241672 by testuser1
2026-03-11 20:56:38  INFO      narrativeforge.db  Login success: testuser1
2026-03-14 18:14:51  INFO      narrativeforge.db  Login success: testuser1
2026-03-14 18:24:08  INFO      narrativeforge.db  Login success: testuser1
2026-03-14 18:25:39  INFO      narrativeforge.db  Login success: testuser1
2026-03-14 18:29:20  INFO      narrativeforge.db  Login success: testuser1
2026-03-14 18:40:24  INFO      narrativeforge.db  User registered: testuser2
2026-03-14 18:46:19  INFO      narrativeforge.db  Login success: testuser2
2026-03-14 19:02:17  WARNING   narrativeforge.db  Login failure: testuser2
2026-03-14 19:02:57  INFO      narrativeforge.db  Login success: testuser2
2026-03-14 19:13:06  INFO      narrativeforge.db  Login success: testuser1
2026-03-14 19:13:38  INFO      narrativeforge.db  User registered: glory
